<?xml version="1.0" encoding="utf-8"?><testsuites name="pytest tests"><testsuite name="pytest" errors="0" failures="0" skipped="0" tests="11" time="1.123" timestamp="2026-07-16T11:40:15.599571+00:00" hostname="agent-env-f2e596e0-ea3d-471d-bf66-00c324578012"><testcase classname="tests.test_iter8.TestCredibleTop5" name="test_basic_shape" time="0.245" /><testcase classname="tests.test_iter8.TestOtherStrategiesRegression" name="test_strategy[hot]" time="0.239" /><testcase classname="tests.test_iter8.TestOtherStrategiesRegression" name="test_strategy[cold]" time="0.091" /><testcase classname="tests.test_iter8.TestCredibleTop5" name="test_grid_fields_and_sort" time="0.055" /><testcase classname="tests.test_iter8.TestCredibleTop5" name="test_sums_close_to_mean" time="0.096" /><testcase classname="tests.test_iter8.TestOtherStrategiesRegression" name="test_strategy[balanced]" time="0.048" /><testcase classname="tests.test_iter8.TestOtherStrategiesRegression" name="test_strategy[weighted_random]" time="0.089" /><testcase classname="tests.test_iter8.TestDrawsLimit" name="test_default_returns_500" time="0.088" /><testcase classname="tests.test_iter8.TestOtherStrategiesRegression" name="test_invalid_strategy_rejected" time="0.083" /><testcase classname="tests.test_iter8.TestDrawsLimit" name="test_limit_1500_returns_all_1048" time="0.093" /><testcase classname="tests.test_iter8.TestOtherStrategiesRegression" name="test_credible_top5_accepted_no_422" time="0.052" /></testsuite></testsuites>