<?xml version="1.0" encoding="utf-8"?><testsuites name="pytest tests"><testsuite name="pytest" errors="0" failures="0" skipped="0" tests="9" time="0.848" timestamp="2026-07-16T10:23:29.566356+00:00" hostname="agent-env-f2e596e0-ea3d-471d-bf66-00c324578012"><testcase classname="tests.backend_test.TestSetup" name="test_clear_and_seed_fdj" time="0.277" /><testcase classname="tests.backend_test.TestHeatmap" name="test_heatmap_structure" time="0.066" /><testcase classname="tests.backend_test.TestBacktest" name="test_backtest_default" time="0.084" /><testcase classname="tests.backend_test.TestBacktest" name="test_backtest_clamps_large_sample" time="0.077" /><testcase classname="tests.backend_test.TestBacktest" name="test_backtest_too_few_draws_errors_only_below_30" time="0.063" /><testcase classname="tests.backend_test.TestAlerts" name="test_next_draw" time="0.046" /><testcase classname="tests.backend_test.TestAlerts" name="test_prefs_default" time="0.046" /><testcase classname="tests.backend_test.TestAlerts" name="test_prefs_persist" time="0.092" /><testcase classname="tests.backend_test.TestAlerts" name="test_send_returns_503_when_unconfigured" time="0.047" /></testsuite></testsuites>