<?xml version="1.0" encoding="utf-8"?><testsuites name="pytest tests"><testsuite name="pytest" errors="0" failures="0" skipped="0" tests="20" time="3.884" timestamp="2026-07-16T12:12:02.358604+00:00" hostname="agent-env-f2e596e0-ea3d-471d-bf66-00c324578012"><testcase classname="tests.test_iter10_fixes" name="test_root_api_ok" time="0.127" /><testcase classname="tests.test_iter10_fixes" name="test_whitelist_rejects_non_allowed_email" time="0.132" /><testcase classname="tests.test_iter10_fixes" name="test_whitelist_allows_allowed_email" time="0.113" /><testcase classname="tests.test_iter10_fixes" name="test_save_grid_then_list_has_historical_result" time="0.345" /><testcase classname="tests.test_iter10_fixes" name="test_wheel_rejects_target5_with_pool_gt8" time="0.132" /><testcase classname="tests.test_iter10_fixes" name="test_wheel_accepts_target5_pool8" time="0.137" /><testcase classname="tests.test_iter10_fixes" name="test_wheel_k8_t3_correctness" time="0.120" /><testcase classname="tests.test_iter10_fixes" name="test_credible_top5_scores_in_range" time="0.125" /><testcase classname="tests.test_iter10_fixes" name="test_generate_strategies[hot]" time="0.117" /><testcase classname="tests.test_iter10_fixes" name="test_generate_strategies[cold]" time="0.122" /><testcase classname="tests.test_iter10_fixes" name="test_generate_strategies[balanced]" time="0.133" /><testcase classname="tests.test_iter10_fixes" name="test_generate_strategies[weighted_random]" time="0.110" /><testcase classname="tests.test_iter10_fixes" name="test_verify_endpoint" time="0.145" /><testcase classname="tests.test_iter10_fixes" name="test_verify_batch" time="0.111" /><testcase classname="tests.test_iter10_fixes" name="test_misc_get_endpoints[/api/stats/frequency]" time="0.114" /><testcase classname="tests.test_iter10_fixes" name="test_misc_get_endpoints[/api/stats/hot-cold]" time="0.145" /><testcase classname="tests.test_iter10_fixes" name="test_misc_get_endpoints[/api/stats/pairs]" time="0.125" /><testcase classname="tests.test_iter10_fixes" name="test_misc_get_endpoints[/api/alerts/prefs]" time="0.118" /><testcase classname="tests.test_iter10_fixes" name="test_misc_get_endpoints[/api/alerts/next-draw]" time="0.128" /><testcase classname="tests.test_iter10_fixes" name="test_backtest" time="0.745" /></testsuite></testsuites>