<?xml version="1.0" encoding="utf-8"?><testsuites name="pytest tests"><testsuite name="pytest" errors="0" failures="0" skipped="0" tests="7" time="4.011" timestamp="2026-07-16T11:17:29.572507+00:00" hostname="agent-env-f2e596e0-ea3d-471d-bf66-00c324578012"><testcase classname="tests.test_iter6.TestLoadOfficial" name="test_load_official_dataset" time="0.524" /><testcase classname="tests.test_iter6.TestRegression" name="test_auth_me" time="0.492" /><testcase classname="tests.test_iter6.TestRegression" name="test_draws_count" time="0.070" /><testcase classname="tests.test_iter6.TestChi2Frequency" name="test_frequency_has_chi2_stats" time="0.060" /><testcase classname="tests.test_iter6.TestRegression" name="test_grids_still_works" time="0.096" /><testcase classname="tests.test_iter6.TestBacktestCI95" name="test_backtest_ci95_and_beats_random" time="2.790" /><testcase classname="tests.test_iter6.TestBonferroniTrend" name="test_trend_default_window_100" time="2.724" /></testsuite></testsuites>