<?xml version="1.0" encoding="utf-8"?><testsuites name="pytest tests"><testsuite name="pytest" errors="0" failures="0" skipped="0" tests="8" time="1.889" timestamp="2026-07-16T11:01:40.484724+00:00" hostname="agent-env-f2e596e0-ea3d-471d-bf66-00c324578012"><testcase classname="tests.test_iter5" name="test_auth_session_rejects_invalid_session_id" time="0.389" /><testcase classname="tests.test_iter5" name="test_allowed_emails_env_set" time="0.000" /><testcase classname="tests.test_iter5" name="test_me_with_existing_bearer" time="0.104" /><testcase classname="tests.test_iter5" name="test_draws_list" time="0.122" /><testcase classname="tests.test_iter5" name="test_stats" time="0.105" /><testcase classname="tests.test_iter5" name="test_backtest_has_gains_fields" time="0.366" /><testcase classname="tests.test_iter5" name="test_verify_endpoint" time="0.137" /><testcase classname="tests.test_iter5" name="test_grids_list" time="0.158" /></testsuite></testsuites>