<?xml version="1.0" encoding="utf-8"?><testsuites name="pytest tests"><testsuite name="pytest" errors="0" failures="0" skipped="0" tests="3" time="1.772" timestamp="2026-07-16T10:51:36.577917+00:00" hostname="agent-env-f2e596e0-ea3d-471d-bf66-00c324578012"><testcase classname="tests.test_backtest_gains.TestBacktestGains" name="test_top_level_gains_metadata" time="0.563" /><testcase classname="tests.test_backtest_gains.TestBacktestGains" name="test_per_strategy_gains_fields" time="0.309" /><testcase classname="tests.test_backtest_gains.TestBacktestGains" name="test_gains_consistency_with_rank_distribution" time="0.402" /></testsuite></testsuites>