<?xml version="1.0" encoding="utf-8"?><testsuites name="pytest tests"><testsuite name="pytest" errors="0" failures="0" skipped="0" tests="11" time="7.696" timestamp="2026-07-16T12:45:22.463930+00:00" hostname="agent-env-f2e596e0-ea3d-471d-bf66-00c324578012"><testcase classname="tests.test_iter12_share.TestShareCreate" name="test_share_create_returns_token" time="3.238" /><testcase classname="tests.test_iter12_share.TestShareEmail" name="test_share_email_invalid_email_returns_400" time="3.232" /><testcase classname="tests.test_iter12_share.TestShareCreate" name="test_share_create_idempotent" time="0.251" /><testcase classname="tests.test_iter12_share.TestShareEmail" name="test_share_email_foreign_grid_404" time="1.601" /><testcase classname="tests.test_iter12_share.TestShareEmail" name="test_share_email_requires_auth" time="0.154" /><testcase classname="tests.test_iter12_share.TestShareCreate" name="test_share_create_foreign_grid_404" time="1.592" /><testcase classname="tests.test_iter12_share.TestShareEmail" name="test_share_email_valid_send_or_resend_error" time="0.387" /><testcase classname="tests.test_iter12_share.TestShareCreate" name="test_share_create_invalid_grid_404" time="0.165" /><testcase classname="tests.test_iter12_share.TestShareCreate" name="test_share_create_requires_auth" time="1.352" /><testcase classname="tests.test_iter12_share.TestShareGet" name="test_public_get_no_auth" time="0.376" /><testcase classname="tests.test_iter12_share.TestShareGet" name="test_invalid_token_404" time="1.293" /></testsuite></testsuites>