<?xml version="1.0" encoding="utf-8"?><testsuites name="pytest tests"><testsuite name="pytest" errors="0" failures="0" skipped="0" tests="12" time="4.717" timestamp="2026-07-16T12:27:54.529328+00:00" hostname="agent-env-f2e596e0-ea3d-471d-bf66-00c324578012"><testcase classname="tests.test_iter11_open_access" name="test_public_root_200" time="0.272" /><testcase classname="tests.test_iter11_open_access" name="test_unauth_me_401" time="0.121" /><testcase classname="tests.test_iter11_open_access" name="test_unauth_draws_401" time="0.123" /><testcase classname="tests.test_iter11_open_access" name="test_invalid_token_401" time="0.160" /><testcase classname="tests.test_iter11_open_access" name="test_new_user_auth_me" time="1.017" /><testcase classname="tests.test_iter11_open_access" name="test_new_user_draws_list" time="0.145" /><testcase classname="tests.test_iter11_open_access" name="test_new_user_grids_verify" time="0.099" /><testcase classname="tests.test_iter11_open_access" name="test_new_user_grids_wheel" time="0.110" /><testcase classname="tests.test_iter11_open_access" name="test_new_user_stats_frequency" time="0.121" /><testcase classname="tests.test_iter11_open_access" name="test_whitelisted_still_works" time="0.493" /><testcase classname="tests.test_iter11_open_access" name="test_allowed_emails_empty_in_env" time="0.000" /><testcase classname="tests.test_iter11_open_access" name="test_autoload_code_present" time="1.532" /></testsuite></testsuites>