<?xml version="1.0" encoding="utf-8"?><testsuites name="pytest tests"><testsuite name="pytest" errors="0" failures="0" skipped="0" tests="6" time="0.873" timestamp="2026-07-16T10:41:32.748350+00:00" hostname="agent-env-f2e596e0-ea3d-471d-bf66-00c324578012"><testcase classname="tests.backend_test.TestGridsListResult" name="test_list_contains_result_field" time="0.129" /><testcase classname="tests.backend_test.TestGridVerify" name="test_verify_ok" time="0.138" /><testcase classname="tests.backend_test.TestGridVerify" name="test_verify_rejects_duplicates" time="0.052" /><testcase classname="tests.backend_test.TestGridVerify" name="test_verify_rejects_out_of_range" time="0.057" /><testcase classname="tests.backend_test.TestGridVerify" name="test_verify_rejects_bad_chance" time="0.056" /><testcase classname="tests.backend_test.TestGridVerify" name="test_verify_missing_chance" time="0.052" /></testsuite></testsuites>