<?xml version="1.0" encoding="utf-8"?><testsuites name="pytest tests"><testsuite name="pytest" errors="0" failures="0" skipped="0" tests="9" time="4.098" timestamp="2026-07-16T14:58:52.843579+00:00" hostname="agent-env-f2e596e0-ea3d-471d-bf66-00c324578012"><testcase classname="tests.test_iter14_results_alerts" name="test_get_prefs_default_has_results_enabled" time="0.766" /><testcase classname="tests.test_iter14_results_alerts" name="test_post_prefs_persists_results_enabled_true" time="0.274" /><testcase classname="tests.test_iter14_results_alerts" name="test_post_prefs_persists_results_enabled_false" time="0.247" /><testcase classname="tests.test_iter14_results_alerts" name="test_post_prefs_legacy_payload_no_results_enabled" time="0.263" /><testcase classname="tests.test_iter14_results_alerts" name="test_send_results_no_draws_returns_400" time="0.123" /><testcase classname="tests.test_iter14_results_alerts" name="test_send_results_success_with_eligible_grid" time="0.731" /><testcase classname="tests.test_iter14_results_alerts" name="test_manifest_json" time="0.127" /><testcase classname="tests.test_iter14_results_alerts" name="test_icon_svg" time="0.129" /><testcase classname="tests.test_iter14_results_alerts" name="test_index_html_has_manifest_and_icon_links" time="0.909" /></testsuite></testsuites>