<?xml version="1.0" encoding="utf-8"?><testsuites name="pytest tests"><testsuite name="pytest" errors="0" failures="0" skipped="0" tests="12" time="2.524" timestamp="2026-07-16T11:55:35.916208+00:00" hostname="agent-env-f2e596e0-ea3d-471d-bf66-00c324578012"><testcase classname="tests.test_iter9_wheel" name="test_wheel_pool8_target3_chance5" time="0.262" /><testcase classname="tests.test_iter9_wheel" name="test_wheel_covers_all_tsubsets_k8_t3" time="0.106" /><testcase classname="tests.test_iter9_wheel" name="test_wheel_covers_all_k10_t3" time="0.126" /><testcase classname="tests.test_iter9_wheel" name="test_wheel_size_scaling" time="0.547" /><testcase classname="tests.test_iter9_wheel" name="test_wheel_duplicates_400" time="0.132" /><testcase classname="tests.test_iter9_wheel" name="test_wheel_pool_too_small" time="0.106" /><testcase classname="tests.test_iter9_wheel" name="test_wheel_pool_too_large" time="0.153" /><testcase classname="tests.test_iter9_wheel" name="test_wheel_target_invalid" time="0.142" /><testcase classname="tests.test_iter9_wheel" name="test_wheel_target_gt_pool" time="0.106" /><testcase classname="tests.test_iter9_wheel" name="test_wheel_number_out_of_range" time="0.096" /><testcase classname="tests.test_iter9_wheel" name="test_wheel_chance_out_of_range" time="0.103" /><testcase classname="tests.test_iter9_wheel" name="test_wheel_unauthenticated" time="0.150" /></testsuite></testsuites>