<?xml version="1.0" encoding="utf-8"?><testsuites name="pytest tests"><testsuite name="pytest" errors="0" failures="0" skipped="0" tests="6" time="1.336" timestamp="2026-07-16T11:27:07.846824+00:00" hostname="agent-env-f2e596e0-ea3d-471d-bf66-00c324578012"><testcase classname="tests.test_iter7" name="test_verify_batch_three_grids" time="0.308" /><testcase classname="tests.test_iter7" name="test_verify_batch_empty" time="0.116" /><testcase classname="tests.test_iter7" name="test_verify_batch_too_many" time="0.126" /><testcase classname="tests.test_iter7" name="test_verify_batch_invalid_grid" time="0.154" /><testcase classname="tests.test_iter7" name="test_load_official_still_works" time="0.149" /><testcase classname="tests.test_iter7" name="test_auto_load_code_path_exists" time="0.001" /></testsuite></testsuites>